2021-09-30 12:41:57,666 - INFO - 登录测试
2021-09-30 12:41:58,485 - DEBUG - 登录失败，用户名或密码输出有误！
2021-09-30 12:41:59,172 - DEBUG - 登录失败，用户名或密码输出有误！
2021-09-30 12:41:59,827 - DEBUG - 登录失败，用户名或密码输出有误！
2021-09-30 12:42:00,485 - DEBUG - 登录失败，用户名或密码输出有误！
2021-09-30 12:42:02,718 - ERROR - 报错信息:无法登录，找不到登录按钮
Traceback (most recent call last):
  File "D:\Code\Selenium\SE_project\testcases\Pytest\test_Jpress.py", line 63, in test_failcase
    self.driver.find_element(By.CLASS_NAME, "btn错误的登录按钮元素").click()
  File "d:\code\selenium\se_project\venv\lib\site-packages\selenium\webdriver\remote\webdriver.py", line 978, in find_element
    'value': value})['value']
  File "d:\code\selenium\se_project\venv\lib\site-packages\selenium\webdriver\remote\webdriver.py", line 321, in execute
    self.error_handler.check_response(response)
  File "d:\code\selenium\se_project\venv\lib\site-packages\selenium\webdriver\remote\errorhandler.py", line 242, in check_response
    raise exception_class(message, screen, stacktrace)
selenium.common.exceptions.NoSuchElementException: Message: no such element: Unable to locate element: {"method":"css selector","selector":".btn错误的登录按钮元素"}
  (Session info: chrome=93.0.4577.63)

2021-09-30 12:44:29,027 - INFO - 登录测试
2021-09-30 12:44:29,691 - DEBUG - 登录失败，用户名或密码输出有误！
2021-09-30 12:44:30,294 - DEBUG - 登录失败，用户名或密码输出有误！
2021-09-30 12:44:30,900 - DEBUG - 登录失败，用户名或密码输出有误！
2021-09-30 12:44:31,511 - DEBUG - 登录失败，用户名或密码输出有误！
2021-09-30 12:50:15,310 - INFO - 登录测试
2021-09-30 12:50:15,968 - DEBUG - 登录失败，用户名或密码输出有误！
2021-09-30 12:50:16,576 - DEBUG - 登录失败，用户名或密码输出有误！
2021-09-30 12:50:17,178 - DEBUG - 登录失败，用户名或密码输出有误！
2021-09-30 12:50:17,782 - DEBUG - 登录失败，用户名或密码输出有误！
2021-09-30 13:31:23,592 - INFO - 登录测试
2021-09-30 13:31:24,424 - DEBUG - 登录失败，用户名或密码输出有误！
2021-09-30 13:31:25,143 - DEBUG - 登录失败，用户名或密码输出有误！
2021-09-30 13:31:25,893 - DEBUG - 登录失败，用户名或密码输出有误！
2021-09-30 13:31:26,599 - DEBUG - 登录失败，用户名或密码输出有误！
2021-09-30 13:31:29,753 - ERROR - 报错信息:无法登录，找不到登录按钮
Traceback (most recent call last):
  File "D:\Code\Selenium\SE_project\testcases\Pytest\test_Jpress.py", line 63, in test_failcase
    self.driver.find_element(By.CLASS_NAME, "btn错误的登录按钮元素").click()
  File "d:\code\selenium\se_project\venv\lib\site-packages\selenium\webdriver\remote\webdriver.py", line 978, in find_element
    'value': value})['value']
  File "d:\code\selenium\se_project\venv\lib\site-packages\selenium\webdriver\remote\webdriver.py", line 321, in execute
    self.error_handler.check_response(response)
  File "d:\code\selenium\se_project\venv\lib\site-packages\selenium\webdriver\remote\errorhandler.py", line 242, in check_response
    raise exception_class(message, screen, stacktrace)
selenium.common.exceptions.NoSuchElementException: Message: no such element: Unable to locate element: {"method":"css selector","selector":".btn错误的登录按钮元素"}
  (Session info: chrome=93.0.4577.63)

